[debug] [2023-04-06T14:48:17.646Z] ----------------------------------------------------------------------
[debug] [2023-04-06T14:48:17.647Z] Command:       /Users/sergeilysenko/.nvm/versions/node/v19.7.0/bin/node /Users/sergeilysenko/.nvm/versions/node/v19.7.0/bin/firebase init hosting
[debug] [2023-04-06T14:48:17.647Z] CLI Version:   11.25.3
[debug] [2023-04-06T14:48:17.648Z] Platform:      darwin
[debug] [2023-04-06T14:48:17.648Z] Node Version:  v19.7.0
[debug] [2023-04-06T14:48:17.648Z] Time:          Thu Apr 06 2023 17:48:17 GMT+0300 (Moscow Standard Time)
[debug] [2023-04-06T14:48:17.648Z] ----------------------------------------------------------------------
[debug] 
[debug] [2023-04-06T14:48:17.650Z] > command requires scopes: ["email","openid","https://www.googleapis.com/auth/cloudplatformprojects.readonly","https://www.googleapis.com/auth/firebase","https://www.googleapis.com/auth/cloud-platform"]
[debug] [2023-04-06T14:48:17.651Z] > authorizing via signed-in user (sergeylysenko1406@gmail.com)
[info] 
     ######## #### ########  ######## ########     ###     ######  ########
     ##        ##  ##     ## ##       ##     ##  ##   ##  ##       ##
     ######    ##  ########  ######   ########  #########  ######  ######
     ##        ##  ##    ##  ##       ##     ## ##     ##       ## ##
     ##       #### ##     ## ######## ########  ##     ##  ######  ########

You're about to initialize a Firebase project in this directory:

  /Users/sergeilysenko/projects/study/docker-course/complex

[info] 
=== Project Setup
[info] 
[info] First, let's associate this project directory with a Firebase project.
[info] You can create multiple project aliases by running firebase use --add, 
[info] but for now we'll just set up a default project.
[info] 
[info] i  If you want to create a project in a Google Cloud organization or folder, please use "firebase projects:create" instead, and return to this command when you've created the project. 
[debug] [2023-04-06T14:48:48.193Z] >>> [apiv2][query] POST https://cloudresourcemanager.googleapis.com/v1/projects [none]
[debug] [2023-04-06T14:48:48.193Z] >>> [apiv2][body] POST https://cloudresourcemanager.googleapis.com/v1/projects {"projectId":"complex-docker","name":"complex-docker"}
[debug] [2023-04-06T14:48:50.443Z] <<< [apiv2][status] POST https://cloudresourcemanager.googleapis.com/v1/projects 200
[debug] [2023-04-06T14:48:50.443Z] <<< [apiv2][body] POST https://cloudresourcemanager.googleapis.com/v1/projects {"name":"operations/cp.9083160810347356272"}
[debug] [2023-04-06T14:48:50.444Z] >>> [apiv2][query] GET https://cloudresourcemanager.googleapis.com/v1/operations/cp.9083160810347356272 [none]
[debug] [2023-04-06T14:48:51.669Z] <<< [apiv2][status] GET https://cloudresourcemanager.googleapis.com/v1/operations/cp.9083160810347356272 200
[debug] [2023-04-06T14:48:51.670Z] <<< [apiv2][body] GET https://cloudresourcemanager.googleapis.com/v1/operations/cp.9083160810347356272 {"name":"operations/cp.9083160810347356272"}
[debug] [2023-04-06T14:48:52.172Z] [Project Creation Poller] Retrying task index 0
[debug] [2023-04-06T14:48:52.173Z] >>> [apiv2][query] GET https://cloudresourcemanager.googleapis.com/v1/operations/cp.9083160810347356272 [none]
[debug] [2023-04-06T14:48:52.786Z] <<< [apiv2][status] GET https://cloudresourcemanager.googleapis.com/v1/operations/cp.9083160810347356272 200
[debug] [2023-04-06T14:48:52.787Z] <<< [apiv2][body] GET https://cloudresourcemanager.googleapis.com/v1/operations/cp.9083160810347356272 {"name":"operations/cp.9083160810347356272","metadata":{"@type":"type.googleapis.com/google.cloudresourcemanager.v1.ProjectCreationStatus","gettable":true}}
[debug] [2023-04-06T14:48:53.789Z] [Project Creation Poller] Retrying task index 0
[debug] [2023-04-06T14:48:53.790Z] >>> [apiv2][query] GET https://cloudresourcemanager.googleapis.com/v1/operations/cp.9083160810347356272 [none]
[debug] [2023-04-06T14:48:54.428Z] <<< [apiv2][status] GET https://cloudresourcemanager.googleapis.com/v1/operations/cp.9083160810347356272 200
[debug] [2023-04-06T14:48:54.428Z] <<< [apiv2][body] GET https://cloudresourcemanager.googleapis.com/v1/operations/cp.9083160810347356272 {"name":"operations/cp.9083160810347356272","metadata":{"@type":"type.googleapis.com/google.cloudresourcemanager.v1.ProjectCreationStatus","gettable":true,"ready":true},"done":true,"response":{"@type":"type.googleapis.com/google.cloudresourcemanager.v1.Project","projectNumber":"260818931870","projectId":"complex-docker","lifecycleState":"ACTIVE","name":"complex-docker","createTime":"2023-04-06T14:48:52.277Z"}}
[debug] [2023-04-06T14:48:54.430Z] >>> [apiv2][query] POST https://firebase.googleapis.com/v1beta1/projects/complex-docker:addFirebase [none]
[debug] [2023-04-06T14:48:58.211Z] <<< [apiv2][status] POST https://firebase.googleapis.com/v1beta1/projects/complex-docker:addFirebase 200
[debug] [2023-04-06T14:48:58.211Z] <<< [apiv2][body] POST https://firebase.googleapis.com/v1beta1/projects/complex-docker:addFirebase {"name":"operations/workflows/OTUyMTkyNzktY2Y2Yy00ZTZmLWJhODktM2RlMmE0NmM1Yzdm"}
[debug] [2023-04-06T14:48:58.211Z] >>> [apiv2][query] GET https://firebase.googleapis.com/v1beta1/operations/workflows/OTUyMTkyNzktY2Y2Yy00ZTZmLWJhODktM2RlMmE0NmM1Yzdm [none]
[debug] [2023-04-06T14:48:59.082Z] <<< [apiv2][status] GET https://firebase.googleapis.com/v1beta1/operations/workflows/OTUyMTkyNzktY2Y2Yy00ZTZmLWJhODktM2RlMmE0NmM1Yzdm 200
[debug] [2023-04-06T14:48:59.082Z] <<< [apiv2][body] GET https://firebase.googleapis.com/v1beta1/operations/workflows/OTUyMTkyNzktY2Y2Yy00ZTZmLWJhODktM2RlMmE0NmM1Yzdm {"name":"operations/workflows/OTUyMTkyNzktY2Y2Yy00ZTZmLWJhODktM2RlMmE0NmM1Yzdm"}
[debug] [2023-04-06T14:48:59.584Z] [Add Firebase Poller] Retrying task index 0
[debug] [2023-04-06T14:48:59.585Z] >>> [apiv2][query] GET https://firebase.googleapis.com/v1beta1/operations/workflows/OTUyMTkyNzktY2Y2Yy00ZTZmLWJhODktM2RlMmE0NmM1Yzdm [none]
[debug] [2023-04-06T14:49:00.950Z] <<< [apiv2][status] GET https://firebase.googleapis.com/v1beta1/operations/workflows/OTUyMTkyNzktY2Y2Yy00ZTZmLWJhODktM2RlMmE0NmM1Yzdm 200
[debug] [2023-04-06T14:49:00.950Z] <<< [apiv2][body] GET https://firebase.googleapis.com/v1beta1/operations/workflows/OTUyMTkyNzktY2Y2Yy00ZTZmLWJhODktM2RlMmE0NmM1Yzdm {"name":"operations/workflows/OTUyMTkyNzktY2Y2Yy00ZTZmLWJhODktM2RlMmE0NmM1Yzdm"}
[debug] [2023-04-06T14:49:01.952Z] [Add Firebase Poller] Retrying task index 0
[debug] [2023-04-06T14:49:01.953Z] >>> [apiv2][query] GET https://firebase.googleapis.com/v1beta1/operations/workflows/OTUyMTkyNzktY2Y2Yy00ZTZmLWJhODktM2RlMmE0NmM1Yzdm [none]
[debug] [2023-04-06T14:49:03.744Z] <<< [apiv2][status] GET https://firebase.googleapis.com/v1beta1/operations/workflows/OTUyMTkyNzktY2Y2Yy00ZTZmLWJhODktM2RlMmE0NmM1Yzdm 200
[debug] [2023-04-06T14:49:03.744Z] <<< [apiv2][body] GET https://firebase.googleapis.com/v1beta1/operations/workflows/OTUyMTkyNzktY2Y2Yy00ZTZmLWJhODktM2RlMmE0NmM1Yzdm {"name":"operations/workflows/OTUyMTkyNzktY2Y2Yy00ZTZmLWJhODktM2RlMmE0NmM1Yzdm"}
[debug] [2023-04-06T14:49:05.746Z] [Add Firebase Poller] Retrying task index 0
[debug] [2023-04-06T14:49:05.747Z] >>> [apiv2][query] GET https://firebase.googleapis.com/v1beta1/operations/workflows/OTUyMTkyNzktY2Y2Yy00ZTZmLWJhODktM2RlMmE0NmM1Yzdm [none]
[debug] [2023-04-06T14:49:06.532Z] <<< [apiv2][status] GET https://firebase.googleapis.com/v1beta1/operations/workflows/OTUyMTkyNzktY2Y2Yy00ZTZmLWJhODktM2RlMmE0NmM1Yzdm 200
[debug] [2023-04-06T14:49:06.533Z] <<< [apiv2][body] GET https://firebase.googleapis.com/v1beta1/operations/workflows/OTUyMTkyNzktY2Y2Yy00ZTZmLWJhODktM2RlMmE0NmM1Yzdm {"name":"operations/workflows/OTUyMTkyNzktY2Y2Yy00ZTZmLWJhODktM2RlMmE0NmM1Yzdm"}
[debug] [2023-04-06T14:49:10.533Z] [Add Firebase Poller] Retrying task index 0
[debug] [2023-04-06T14:49:10.534Z] >>> [apiv2][query] GET https://firebase.googleapis.com/v1beta1/operations/workflows/OTUyMTkyNzktY2Y2Yy00ZTZmLWJhODktM2RlMmE0NmM1Yzdm [none]
[debug] [2023-04-06T14:49:11.739Z] <<< [apiv2][status] GET https://firebase.googleapis.com/v1beta1/operations/workflows/OTUyMTkyNzktY2Y2Yy00ZTZmLWJhODktM2RlMmE0NmM1Yzdm 200
[debug] [2023-04-06T14:49:11.739Z] <<< [apiv2][body] GET https://firebase.googleapis.com/v1beta1/operations/workflows/OTUyMTkyNzktY2Y2Yy00ZTZmLWJhODktM2RlMmE0NmM1Yzdm {"name":"operations/workflows/OTUyMTkyNzktY2Y2Yy00ZTZmLWJhODktM2RlMmE0NmM1Yzdm","done":true,"response":{"@type":"type.googleapis.com/google.firebase.service.v1beta1.FirebaseProject","projectId":"complex-docker","projectNumber":"260818931870","displayName":"complex-docker","name":"projects/complex-docker","resources":{"hostingSite":"complex-docker"}}}
[info] 
[info] 🎉🎉🎉 Your Firebase project is ready! 🎉🎉🎉
[info] 
[info] Project information:
[info]    - Project ID: complex-docker
[info]    - Project Name: complex-docker
[info] 
[info] Firebase console is available at
[info] https://console.firebase.google.com/project/complex-docker/overview
[info] i  Using project complex-docker (complex-docker) 
[info] 
=== Hosting Setup
[info] 
[info] Your public directory is the folder (relative to your project directory) that
[info] will contain Hosting assets to be uploaded with firebase deploy. If you
[info] have a build process for your assets, use your build's output directory.
[info] 
[debug] [2023-04-06T14:49:36.852Z] >>> [apiv2][query] GET https://www.gstatic.com/firebasejs/releases.json [none]
[debug] [2023-04-06T14:49:37.623Z] <<< [apiv2][status] GET https://www.gstatic.com/firebasejs/releases.json 200
[debug] [2023-04-06T14:49:37.623Z] <<< [apiv2][body] GET https://www.gstatic.com/firebasejs/releases.json {"current":{"version":"9.19.1","browserURL":"https://www.gstatic.com/firebasejs/9.19.1/firebase.js","packageURL":"https://www.gstatic.com/firebasejs/9.19.1/firebase.tgz"},"live":{"version":"9.19","browserURL":"https://www.gstatic.com/firebasejs/live/9.19/firebase.js","packageURL":"https://www.gstatic.com/firebasejs/live/9.19/firebase.tgz"},"components":{"analytics":"https://www.gstatic.com/firebasejs/9.19.1/firebase-analytics.js","app":"https://www.gstatic.com/firebasejs/9.19.1/firebase-app.js","app-check":"https://www.gstatic.com/firebasejs/9.19.1/firebase-app-check.js","auth":"https://www.gstatic.com/firebasejs/9.19.1/firebase-auth.js","auth/cordova":"https://www.gstatic.com/firebasejs/9.19.1/firebase-auth/cordova.js","auth/react-native":"https://www.gstatic.com/firebasejs/9.19.1/firebase-auth/react-native.js","functions":"https://www.gstatic.com/firebasejs/9.19.1/firebase-functions.js","firestore":"https://www.gstatic.com/firebasejs/9.19.1/firebase-firestore.js","firestore/lite":"https://www.gstatic.com/firebasejs/9.19.1/firebase-firestore/lite.js","installations":"https://www.gstatic.com/firebasejs/9.19.1/firebase-installations.js","storage":"https://www.gstatic.com/firebasejs/9.19.1/firebase-storage.js","performance":"https://www.gstatic.com/firebasejs/9.19.1/firebase-performance.js","remote-config":"https://www.gstatic.com/firebasejs/9.19.1/firebase-remote-config.js","messaging":"https://www.gstatic.com/firebasejs/9.19.1/firebase-messaging.js","messaging/sw":"https://www.gstatic.com/firebasejs/9.19.1/firebase-messaging/sw.js","database":"https://www.gstatic.com/firebasejs/9.19.1/firebase-database.js","firestore.memory":"https://www.gstatic.com/firebasejs/9.19.1/firebase-firestore.memory.js"}}
[info] ✔  Wrote public/index.html 
[info] 
[info] i  Didn't detect a .git folder. Assuming /Users/sergeilysenko/projects/study/docker-course/complex is the project root. 
[info] i  Authorizing with GitHub to upload your service account to a GitHub repository's secrets store. 
[info] 
[info] Visit this URL on this device to log in:
[info] https://github.com/login/oauth/authorize?client_id=89cf50f02ac6aaed3484&state=82568999&redirect_uri=http%3A%2F%2Flocalhost%3A9005&scope=read%3Auser%20repo%20public_repo
[info] 
[info] Waiting for authentication...
[debug] [2023-04-06T14:49:53.099Z] >>> [apiv2][query] POST https://github.com/login/oauth/access_token [none]
[debug] [2023-04-06T14:49:53.099Z] >>> [apiv2][body] POST https://github.com/login/oauth/access_token [stream]
[debug] [2023-04-06T14:49:53.873Z] <<< [apiv2][status] POST https://github.com/login/oauth/access_token 200
[debug] [2023-04-06T14:49:53.874Z] <<< [apiv2][body] POST https://github.com/login/oauth/access_token {"access_token":"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","token_type":"bearer","scope":"read:user,repo"}
[debug] [2023-04-06T14:49:53.889Z] >>> [apiv2][query] GET https://api.github.com/user [none]
[debug] [2023-04-06T14:49:55.671Z] <<< [apiv2][status] GET https://api.github.com/user 200
[debug] [2023-04-06T14:49:55.671Z] <<< [apiv2][body] GET https://api.github.com/user {"login":"sergiolysenko","id":54682953,"node_id":"MDQ6VXNlcjU0NjgyOTUz","avatar_url":"https://avatars.githubusercontent.com/u/54682953?v=4","gravatar_id":"","url":"https://api.github.com/users/sergiolysenko","html_url":"https://github.com/sergiolysenko","followers_url":"https://api.github.com/users/sergiolysenko/followers","following_url":"https://api.github.com/users/sergiolysenko/following{/other_user}","gists_url":"https://api.github.com/users/sergiolysenko/gists{/gist_id}","starred_url":"https://api.github.com/users/sergiolysenko/starred{/owner}{/repo}","subscriptions_url":"https://api.github.com/users/sergiolysenko/subscriptions","organizations_url":"https://api.github.com/users/sergiolysenko/orgs","repos_url":"https://api.github.com/users/sergiolysenko/repos","events_url":"https://api.github.com/users/sergiolysenko/events{/privacy}","received_events_url":"https://api.github.com/users/sergiolysenko/received_events","type":"User","site_admin":false,"name":"Sergei","company":null,"blog":"","location":"Moscow","email":null,"hireable":null,"bio":null,"twitter_username":null,"public_repos":19,"public_gists":0,"followers":1,"following":0,"created_at":"2019-08-29T17:55:51Z","updated_at":"2022-11-13T15:03:07Z","private_gists":0,"total_private_repos":1,"owned_private_repos":1,"disk_usage":54178,"collaborators":0,"two_factor_authentication":false,"plan":{"name":"free","space":976562499,"collaborators":0,"private_repos":10000}}
[info] 
[info] ✔  Success! Logged into GitHub as sergiolysenko 
[info] 
